<?xml version="1.0" encoding="UTF-8"?>
<testng-results ignored="0" total="2" passed="2" failed="0" skipped="0">
  <reporter-output>
  </reporter-output>
  <suite started-at="2022-08-05T00:58:02 PDT" name="Default suite" finished-at="2022-08-05T00:58:10 PDT" duration-ms="7924">
    <groups>
    </groups>
    <test started-at="2022-08-05T00:58:02 PDT" name="Default test" finished-at="2022-08-05T00:58:10 PDT" duration-ms="7924">
      <class name="com.placeorder.gmoplaceorderPOM">
        <test-method is-config="true" signature="beforeSuite()[pri:0, instance:com.placeorder.gmoplaceorderPOM@52bf72b5]" started-at="2022-08-05T00:58:02 PDT" name="beforeSuite" finished-at="2022-08-05T00:58:02 PDT" duration-ms="21" status="PASS">
          <reporter-output>
          </reporter-output>
        </test-method> <!-- beforeSuite -->
        <test-method is-config="true" signature="beforeTest()[pri:0, instance:com.placeorder.gmoplaceorderPOM@52bf72b5]" started-at="2022-08-05T00:58:02 PDT" name="beforeTest" finished-at="2022-08-05T00:58:09 PDT" duration-ms="6633" status="PASS">
          <reporter-output>
          </reporter-output>
        </test-method> <!-- beforeTest -->
        <test-method is-config="true" signature="beforeClass()[pri:0, instance:com.placeorder.gmoplaceorderPOM@52bf72b5]" started-at="2022-08-05T00:58:09 PDT" name="beforeClass" finished-at="2022-08-05T00:58:09 PDT" duration-ms="0" status="PASS">
          <reporter-output>
          </reporter-output>
        </test-method> <!-- beforeClass -->
        <test-method is-config="true" signature="beforeMethod()[pri:0, instance:com.placeorder.gmoplaceorderPOM@52bf72b5]" started-at="2022-08-05T00:58:09 PDT" name="beforeMethod" finished-at="2022-08-05T00:58:09 PDT" duration-ms="2" status="PASS">
          <reporter-output>
          </reporter-output>
        </test-method> <!-- beforeMethod -->
        <test-method signature="GmoOnlineLoaded()[pri:0, instance:com.placeorder.gmoplaceorderPOM@52bf72b5]" started-at="2022-08-05T00:58:09 PDT" name="GmoOnlineLoaded" finished-at="2022-08-05T00:58:09 PDT" duration-ms="25" status="PASS">
          <reporter-output>
          </reporter-output>
        </test-method> <!-- GmoOnlineLoaded -->
        <test-method is-config="true" signature="afterMethod()[pri:0, instance:com.placeorder.gmoplaceorderPOM@52bf72b5]" started-at="2022-08-05T00:58:09 PDT" name="afterMethod" finished-at="2022-08-05T00:58:09 PDT" duration-ms="2" status="PASS">
          <reporter-output>
          </reporter-output>
        </test-method> <!-- afterMethod -->
        <test-method signature="ValidateEnterGmoOnline()[pri:1, instance:com.placeorder.gmoplaceorderPOM@52bf72b5]" started-at="2022-08-05T00:58:09 PDT" name="ValidateEnterGmoOnline" finished-at="2022-08-05T00:58:10 PDT" depends-on-methods="com.placeorder.gmoplaceorderPOM.GmoOnlineLoaded" duration-ms="1183" status="PASS">
          <reporter-output>
          </reporter-output>
        </test-method> <!-- ValidateEnterGmoOnline -->
        <test-method is-config="true" signature="beforeMethod()[pri:0, instance:com.placeorder.gmoplaceorderPOM@52bf72b5]" started-at="2022-08-05T00:58:09 PDT" name="beforeMethod" finished-at="2022-08-05T00:58:09 PDT" duration-ms="0" status="PASS">
          <reporter-output>
          </reporter-output>
        </test-method> <!-- beforeMethod -->
        <test-method is-config="true" signature="afterMethod()[pri:0, instance:com.placeorder.gmoplaceorderPOM@52bf72b5]" started-at="2022-08-05T00:58:10 PDT" name="afterMethod" finished-at="2022-08-05T00:58:10 PDT" duration-ms="0" status="PASS">
          <reporter-output>
          </reporter-output>
        </test-method> <!-- afterMethod -->
        <test-method is-config="true" signature="afterClass()[pri:0, instance:com.placeorder.gmoplaceorderPOM@52bf72b5]" started-at="2022-08-05T00:58:10 PDT" name="afterClass" finished-at="2022-08-05T00:58:10 PDT" duration-ms="0" status="PASS">
          <reporter-output>
          </reporter-output>
        </test-method> <!-- afterClass -->
        <test-method is-config="true" signature="afterTest()[pri:0, instance:com.placeorder.gmoplaceorderPOM@52bf72b5]" started-at="2022-08-05T00:58:10 PDT" name="afterTest" finished-at="2022-08-05T00:58:10 PDT" duration-ms="0" status="PASS">
          <reporter-output>
          </reporter-output>
        </test-method> <!-- afterTest -->
        <test-method is-config="true" signature="afterSuite()[pri:0, instance:com.placeorder.gmoplaceorderPOM@52bf72b5]" started-at="2022-08-05T00:58:10 PDT" name="afterSuite" finished-at="2022-08-05T00:58:10 PDT" duration-ms="1" status="PASS">
          <reporter-output>
          </reporter-output>
        </test-method> <!-- afterSuite -->
      </class> <!-- com.placeorder.gmoplaceorderPOM -->
    </test> <!-- Default test -->
  </suite> <!-- Default suite -->
</testng-results>
